GET / - - - - ms
GET / 302 54 - 15.044 ms
GET /home 302 56 - 7.819 ms
GET /login 200 375 - 2362.870 ms
GET /favicon.ico 404 150 - 4.205 ms
GET /signup? 200 532 - 30.454 ms
POST /signup 200 260 - 15.490 ms
GET / 302 54 - 11.274 ms
GET /home 302 56 - 8.190 ms
GET /login 200 375 - 1466.222 ms
GET /signup? 200 532 - 37.406 ms
POST /signup 200 199 - 18.114 ms
GET /signup? 200 532 - 33.608 ms
POST /signup 200 97 - 6.647 ms
GET /signup? 200 532 - 30.165 ms
GET /signup? 200 532 - 26.824 ms
POST /signup 200 99 - 6.398 ms
GET / 302 54 - 10.745 ms
GET /home 302 56 - 3.614 ms
GET /login 200 375 - 1114.262 ms
GET /signup? 200 532 - 24.810 ms
POST /signup 200 412 - 169.961 ms
POST /login 302 54 - 107.089 ms
GET /home - - - - ms
GET /home - - - - ms
GET / 302 54 - 4.189 ms
GET /home - - - - ms
GET /logout 302 46 - 2.620 ms
GET / 302 54 - 5.375 ms
GET /home 302 56 - 12.017 ms
GET /login 200 375 - 30.881 ms
GET / 302 54 - 4.837 ms
GET /home 302 56 - 6.276 ms
GET /login 200 375 - 28.154 ms
POST /login 200 403 - 125.534 ms
POST /login 302 54 - 107.901 ms
GET /home - - - - ms
GET / 302 54 - 14.684 ms
GET /home 200 347 - 754.416 ms
GET /logout? 302 46 - 3.152 ms
GET / 302 54 - 4.700 ms
GET /home 302 56 - 8.722 ms
GET /login 200 375 - 28.764 ms
POST /login 200 403 - 226.449 ms
POST /login 302 54 - 105.877 ms
GET /home 200 347 - 26.652 ms
GET /createInvoice? 200 471 - 21.871 ms
GET / 302 54 - 87.228 ms
GET /home 200 347 - 1148.589 ms
GET / 302 54 - 8.280 ms
GET /home 200 347 - 20.972 ms
GET /createInvoice? 200 480 - 24.804 ms
POST /createInvoice 500 - - 8.266 ms
GET /createInvoice? 200 480 - 1376.813 ms
POST /createInvoice 500 - - 8.894 ms
GET /createInvoice? 200 480 - 3666.121 ms
POST /createInvoice 500 - - 4.860 ms
GET / 302 54 - 15.520 ms
GET / 302 54 - 7.834 ms
GET /home 200 347 - 52.468 ms
GET /home 200 347 - 49.346 ms
GET /createInvoice? 200 480 - 1221.140 ms
POST /createInvoice 500 - - 5.922 ms
GET / 302 54 - 17.634 ms
GET /home 200 347 - 1223.682 ms
GET / 302 54 - 8.150 ms
GET /home 200 347 - 23.511 ms
GET /createInvoice? 200 480 - 35.878 ms
POST /createInvoice 500 - - 5.165 ms
POST /createInvoice 500 - - 100.271 ms
GET /createInvoice? 200 480 - 1218.007 ms
GET /createInvoice? 200 480 - 55.311 ms
GET /favicon.ico 404 150 - 5.734 ms
POST /createInvoice 500 - - 9.832 ms
GET /createInvoice? 200 480 - 1189.947 ms
POST /createInvoice 500 - - 6.548 ms
GET /createInvoice? 200 480 - 1112.957 ms
GET / 302 54 - 183288.794 ms
GET / 302 54 - 12.059 ms
GET / 302 54 - 9.579 ms
GET / 302 54 - 16.609 ms
GET / 302 54 - 2139.947 ms
GET /home 200 347 - 3124.363 ms
GET /createInvoice? 200 480 - 20.205 ms
GET /createInvoice 200 480 - 1709.672 ms
POST /createInvoice - - - - ms
POST /createInvoice - - - - ms
POST /createInvoice 500 - - 3076.389 ms
POST /createInvoice 500 - - 2505.010 ms
GET /createInvoice 200 480 - 1146.739 ms
GET /createInvoice? 200 480 - 20.197 ms
GET /createInvoice? 200 480 - 24.232 ms
POST /createInvoice 500 - - 6.436 ms
GET /createInvoice? 200 480 - 842.579 ms
GET /createInvoice? 200 480 - 24.597 ms
POST /createInvoice 500 - - 7.510 ms
GET /createInvoice? 200 480 - 2926.168 ms
POST /createInvoice - - - - ms
GET / 302 54 - 19.307 ms
GET /home 200 347 - 1324.088 ms
GET / 302 54 - 12.474 ms
GET /home 200 347 - 24.281 ms
GET /createInvoice? 200 480 - 24.594 ms
POST /createInvoice 302 146 - 13.975 ms
GET /createInvoice?message=Q3JlYXRlZCBTdWNjZXNzZnVsbHk= 200 509 - 37.013 ms
GET / 302 54 - 17.335 ms
GET /home 200 347 - 1165.452 ms
GET / 302 54 - 11.111 ms
GET /home 200 347 - 30.096 ms
GET /createInvoice? 200 480 - 30.086 ms
POST /createInvoice 302 146 - 28.143 ms
GET /createInvoice?message=Q3JlYXRlZCBTdWNjZXNzZnVsbHk= 200 509 - 28.413 ms
GET /createInvoice?message=Q3JlYXRlZCBTdWNjZXNzZnVsbHk= 200 509 - 1112.506 ms
POST /createInvoice 302 146 - 30.832 ms
GET /createInvoice?message=Q3JlYXRlZCBTdWNjZXNzZnVsbHk= 200 509 - 29.829 ms
POST /createInvoice 302 146 - 14.816 ms
GET /createInvoice?message=Q3JlYXRlZCBTdWNjZXNzZnVsbHk= 200 509 - 24.587 ms
GET / 302 54 - 12.139 ms
GET /home 200 347 - 30.910 ms
GET / 302 54 - 4.680 ms
GET /home 200 347 - 35.664 ms
GET /createInvoice? 200 480 - 24.330 ms
POST /createInvoice 302 146 - 10.353 ms
GET /createInvoice?message=Q3JlYXRlZCBTdWNjZXNzZnVsbHk= 200 509 - 19.187 ms
GET // 404 140 - 3.576 ms
GET / 302 54 - 8.523 ms
GET /home 200 347 - 21.849 ms
GET / 302 54 - 4.572 ms
GET /home 200 347 - 27.212 ms
GET /createInvoice? 200 480 - 18.007 ms
POST /createInvoice 302 146 - 8.819 ms
GET /createInvoice?message=Q3JlYXRlZCBTdWNjZXNzZnVsbHk= 200 509 - 23.001 ms
POST /createInvoice 302 146 - 38.675 ms
GET /createInvoice?message=Q3JlYXRlZCBTdWNjZXNzZnVsbHk= 200 509 - 1143.564 ms
POST /createInvoice 200 521 - 22.650 ms
GET / 302 54 - 15.995 ms
GET /home 200 347 - 1199.879 ms
GET / 302 54 - 5.109 ms
GET /home 200 347 - 16.252 ms
GET /viewInvoice? 200 762 - 50.792 ms
GET /viewInvoice? 200 835 - 37.987 ms
GET /viewInvoice? 200 - - 53.310 ms
GET /viewInvoice? 200 - - 37.986 ms
GET /viewInvoice? 500 - - 15.785 ms
GET /viewInvoice? 200 - - 42.218 ms
GET /viewInvoice? 200 - - 37.068 ms
GET /viewInvoice? 500 - - 19.330 ms
GET /viewInvoice? 200 - - 33.677 ms
GET /viewInvoice? 500 - - 9.891 ms
GET /viewInvoice? 500 - - 11.734 ms
GET /viewInvoice? 200 - - 34.833 ms
GET /viewInvoice? 500 - - 11.956 ms
GET /viewInvoice? 500 - - 10.866 ms
GET /viewInvoice? 200 - - 43.078 ms
GET /viewInvoice? 200 - - 29.201 ms
GET / 302 54 - 234.974 ms
GET /home 200 347 - 8006.481 ms
GET / 302 54 - 8019.068 ms
GET /home 200 347 - 32.534 ms
GET /createInvoice? 200 870 - 119.776 ms
POST /createInvoice 302 146 - 111.511 ms
GET /createInvoice?message=Q3JlYXRlZCBTdWNjZXNzZnVsbHk= 200 899 - 91.557 ms
GET /createInvoice?message=Q3JlYXRlZCBTdWNjZXNzZnVsbHk= 200 916 - 54.087 ms
GET /createInvoice?message=Q3JlYXRlZCBTdWNjZXNzZnVsbHk= 200 921 - 63.892 ms
GET /createInvoice?message=Q3JlYXRlZCBTdWNjZXNzZnVsbHk= 200 - - 73.476 ms
GET /createInvoice?message=Q3JlYXRlZCBTdWNjZXNzZnVsbHk= 200 - - 66.542 ms
GET /createInvoice?message=Q3JlYXRlZCBTdWNjZXNzZnVsbHk= 200 - - 112.009 ms
GET /createInvoice?message=Q3JlYXRlZCBTdWNjZXNzZnVsbHk= 200 - - 80.604 ms
GET / 302 54 - 30.119 ms
GET /home 200 347 - 751.276 ms
GET / 302 54 - 12.116 ms
GET /home 200 347 - 54.658 ms
GET /createInvoice? 200 - - 132.469 ms
POST /createInvoice - - - - ms
POST /createInvoice - - - - ms
GET /createInvoice? - - - - ms
GET / 302 54 - 249.956 ms
GET / 302 54 - 262.605 ms
GET /home 200 347 - 46.376 ms
GET /createInvoice? 200 - - 697.962 ms
GET /createInvoice? 200 - - 137.195 ms
POST /createInvoice 200 - - 68.994 ms
GET / 302 54 - 21.844 ms
GET /home 200 347 - 603.402 ms
GET /createInvoice? 200 - - 101.679 ms
GET / 302 54 - 29.621 ms
GET /home 302 56 - 11.519 ms
GET /login 200 375 - 1206.080 ms
GET / 302 54 - 15.062 ms
GET /home 302 56 - 12.455 ms
GET /login 200 375 - 35.927 ms
GET /signup? 200 532 - 57.036 ms
POST /signup 200 412 - 288.578 ms
POST /login 302 54 - 346.869 ms
GET /home 200 347 - 39.469 ms
GET /createInvoice? 200 - - 108.998 ms
POST /createInvoice 302 146 - 247.789 ms
GET /createInvoice?message=Q3JlYXRlZCBTdWNjZXNzZnVsbHk= 200 - - 88.763 ms
GET /createInvoice?message=Q3JlYXRlZCBTdWNjZXNzZnVsbHk= 200 - - 1727.047 ms
GET /createInvoice?message=Q3JlYXRlZCBTdWNjZXNzZnVsbHk= 200 954 - 96.222 ms
POST /createInvoice 302 146 - 59.838 ms
GET /createInvoice?message=Q3JlYXRlZCBTdWNjZXNzZnVsbHk= 200 954 - 312.503 ms
GET / 302 54 - 32.801 ms
GET /home 200 347 - 744.387 ms
GET / 302 54 - 9.709 ms
GET /home 200 347 - 36.169 ms
GET /createInvoice? 200 925 - 101.606 ms
POST /createInvoice 302 146 - 61.486 ms
GET /createInvoice?message=Q3JlYXRlZCBTdWNjZXNzZnVsbHk= 200 954 - 51.250 ms
GET /createInvoice?message=Q3JlYXRlZCBTdWNjZXNzZnVsbHk= 200 954 - 1147.133 ms
POST /createInvoice 302 146 - 57.172 ms
GET /createInvoice?message=Q3JlYXRlZCBTdWNjZXNzZnVsbHk= 200 954 - 48.896 ms
GET /createInvoice?message=Q3JlYXRlZCBTdWNjZXNzZnVsbHk= 200 954 - 652.552 ms
POST /createInvoice 302 146 - 68.180 ms
GET /createInvoice?message=Q3JlYXRlZCBTdWNjZXNzZnVsbHk= 200 954 - 65.247 ms
GET /createInvoice?message=Q3JlYXRlZCBTdWNjZXNzZnVsbHk= 200 964 - 823.046 ms
GET /createInvoice?message=Q3JlYXRlZCBTdWNjZXNzZnVsbHk= 200 - - 87.398 ms
POST /createInvoice 302 146 - 78.332 ms
GET /createInvoice?message=Q3JlYXRlZCBTdWNjZXNzZnVsbHk= 200 - - 60.475 ms
GET /createInvoice?message=Q3JlYXRlZCBTdWNjZXNzZnVsbHk= 200 - - 3566.686 ms
POST /createInvoice 302 146 - 60.206 ms
GET /createInvoice?message=Q3JlYXRlZCBTdWNjZXNzZnVsbHk= 200 - - 40.390 ms
GET /createInvoice?message=Q3JlYXRlZCBTdWNjZXNzZnVsbHk= 200 - - 3232.739 ms
POST /createInvoice 302 146 - 95.687 ms
GET /createInvoice?message=Q3JlYXRlZCBTdWNjZXNzZnVsbHk= 200 - - 74.082 ms
GET /createInvoice?message=Q3JlYXRlZCBTdWNjZXNzZnVsbHk= 200 - - 3933.089 ms
POST /createInvoice 302 146 - 90.563 ms
GET /createInvoice?message=Q3JlYXRlZCBTdWNjZXNzZnVsbHk= 200 - - 35.564 ms
GET /createInvoice?message=Q3JlYXRlZCBTdWNjZXNzZnVsbHk= 200 - - 3799.676 ms
POST /createInvoice 302 146 - 79.745 ms
GET /createInvoice?message=Q3JlYXRlZCBTdWNjZXNzZnVsbHk= 200 - - 60.424 ms
GET /createInvoice?message=Q3JlYXRlZCBTdWNjZXNzZnVsbHk= 200 - - 1238.078 ms
POST /createInvoice 302 146 - 109.775 ms
GET /createInvoice?message=Q3JlYXRlZCBTdWNjZXNzZnVsbHk= 200 - - 93.681 ms
GET / 302 54 - 147.214 ms
GET / 302 54 - 11.063 ms
GET /home 200 347 - 1174.732 ms
GET /home 200 347 - 47.011 ms
GET /createInvoice? 200 1012 - 82.552 ms
POST /createInvoice 302 146 - 192.583 ms
GET /createInvoice?message=Q3JlYXRlZCBTdWNjZXNzZnVsbHk= 200 - - 47.978 ms
GET /createInvoice?message=Q3JlYXRlZCBTdWNjZXNzZnVsbHk= 200 - - 2129.460 ms
POST /createInvoice 302 146 - 166.231 ms
GET /createInvoice?message=Q3JlYXRlZCBTdWNjZXNzZnVsbHk= 200 - - 49.213 ms
GET /createInvoice?message=Q3JlYXRlZCBTdWNjZXNzZnVsbHk= 200 - - 3714.783 ms
POST /createInvoice 302 146 - 51.219 ms
GET /createInvoice?message=Q3JlYXRlZCBTdWNjZXNzZnVsbHk= 200 - - 49.119 ms
GET / 302 54 - 1652.957 ms
GET / 302 54 - 11.484 ms
GET /home 200 347 - 839.760 ms
GET /home 200 347 - 47.906 ms
GET /createInvoice? 200 1012 - 68.686 ms
POST /createInvoice 302 146 - 46.967 ms
GET /createInvoice?message=Q3JlYXRlZCBTdWNjZXNzZnVsbHk= 200 - - 55.451 ms
GET /createInvoice?message=Q3JlYXRlZCBTdWNjZXNzZnVsbHk= 200 - - 3815.752 ms
POST /createInvoice 302 146 - 67.265 ms
GET /createInvoice?message=Q3JlYXRlZCBTdWNjZXNzZnVsbHk= 200 - - 87.915 ms
GET /createInvoice?message=Q3JlYXRlZCBTdWNjZXNzZnVsbHk= 200 - - 3314.074 ms
GET / 302 54 - 31.262 ms
GET /home 200 347 - 1392.153 ms
GET / 302 54 - 10.483 ms
GET /home 200 347 - 84.026 ms
GET /createInvoice? 200 1012 - 60.799 ms
POST /createInvoice 302 146 - 42.982 ms
GET /createInvoice?message=Q3JlYXRlZCBTdWNjZXNzZnVsbHk= 200 - - 51.581 ms
GET / - - - - ms
GET / 302 54 - 2911.237 ms
GET /home 200 347 - 1240.405 ms
GET /createInvoice? 200 1012 - 68.558 ms
GET /createInvoice 200 1012 - 1241.938 ms
POST /createInvoice 302 146 - 46.107 ms
GET /createInvoice?message=Q3JlYXRlZCBTdWNjZXNzZnVsbHk= 200 - - 41.444 ms
GET /createInvoice?message=Q3JlYXRlZCBTdWNjZXNzZnVsbHk= 200 - - 1657.980 ms
POST /createInvoice 302 146 - 45.755 ms
GET /createInvoice?message=Q3JlYXRlZCBTdWNjZXNzZnVsbHk= 200 - - 200.382 ms
GET /createInvoice?message=Q3JlYXRlZCBTdWNjZXNzZnVsbHk= 200 - - 915.676 ms
POST /createInvoice 302 146 - 49.817 ms
GET /createInvoice?message=Q3JlYXRlZCBTdWNjZXNzZnVsbHk= 200 - - 63.543 ms
GET /createInvoice?message=Q3JlYXRlZCBTdWNjZXNzZnVsbHk= 200 - - 1821.128 ms
POST /createInvoice 302 146 - 36.519 ms
GET /createInvoice?message=Q3JlYXRlZCBTdWNjZXNzZnVsbHk= 200 - - 66.982 ms
GET /createInvoice?message=Q3JlYXRlZCBTdWNjZXNzZnVsbHk= 200 - - 1037.041 ms
POST /createInvoice 302 146 - 42.408 ms
GET /createInvoice?message=Q3JlYXRlZCBTdWNjZXNzZnVsbHk= 200 - - 69.723 ms
GET /createInvoice?message=Q3JlYXRlZCBTdWNjZXNzZnVsbHk= 200 - - 25073.557 ms
GET / - - - - ms
GET / 302 54 - 18.740 ms
GET /home 200 347 - 74.159 ms
GET /createInvoice? 200 1012 - 3850.791 ms
POST /createInvoice 302 146 - 40.546 ms
GET /createInvoice?message=Q3JlYXRlZCBTdWNjZXNzZnVsbHk= 200 - - 61.485 ms
GET /createInvoice?message=Q3JlYXRlZCBTdWNjZXNzZnVsbHk= 200 - - 2502.363 ms
POST /createInvoice 302 146 - 54.211 ms
GET /createInvoice?message=Q3JlYXRlZCBTdWNjZXNzZnVsbHk= 200 - - 76.309 ms
GET /createInvoice?message=Q3JlYXRlZCBTdWNjZXNzZnVsbHk= 200 - - 967.244 ms
POST /createInvoice 302 146 - 35.812 ms
GET /createInvoice?message=Q3JlYXRlZCBTdWNjZXNzZnVsbHk= 200 - - 55.526 ms
GET /createInvoice?message=Q3JlYXRlZCBTdWNjZXNzZnVsbHk= 200 - - 3281.395 ms
POST /createInvoice 302 146 - 56.770 ms
GET /createInvoice?message=Q3JlYXRlZCBTdWNjZXNzZnVsbHk= 200 - - 63.339 ms
GET /createInvoice?message=Q3JlYXRlZCBTdWNjZXNzZnVsbHk= 200 - - 1069.821 ms
POST /createInvoice 302 146 - 33.658 ms
GET /createInvoice?message=Q3JlYXRlZCBTdWNjZXNzZnVsbHk= 200 - - 43.480 ms
GET /createInvoice?message=Q3JlYXRlZCBTdWNjZXNzZnVsbHk= 200 - - 2216.256 ms
POST /createInvoice 302 146 - 33.900 ms
GET /createInvoice?message=Q3JlYXRlZCBTdWNjZXNzZnVsbHk= 200 - - 59.438 ms
GET /createInvoice?message=Q3JlYXRlZCBTdWNjZXNzZnVsbHk= 200 - - 2190.934 ms
POST /createInvoice 302 146 - 46.223 ms
GET /createInvoice?message=Q3JlYXRlZCBTdWNjZXNzZnVsbHk= 200 - - 53.274 ms
GET /createInvoice?message=Q3JlYXRlZCBTdWNjZXNzZnVsbHk= 200 - - 4105.715 ms
POST /createInvoice 302 146 - 34.963 ms
GET /createInvoice?message=Q3JlYXRlZCBTdWNjZXNzZnVsbHk= 200 - - 77.202 ms
GET /createInvoice?message=Q3JlYXRlZCBTdWNjZXNzZnVsbHk= 200 - - 4863.344 ms
GET / 302 54 - 20.823 ms
GET /home 200 347 - 69.638 ms
GET /createInvoice? 200 1012 - 85.038 ms
POST /createInvoice 302 146 - 33.919 ms
GET /createInvoice?message=Q3JlYXRlZCBTdWNjZXNzZnVsbHk= 200 - - 58.386 ms
GET /createInvoice?message=Q3JlYXRlZCBTdWNjZXNzZnVsbHk= 200 - - 1574.596 ms
POST /createInvoice 302 146 - 63.779 ms
GET /createInvoice?message=Q3JlYXRlZCBTdWNjZXNzZnVsbHk= 200 - - 67.382 ms
GET /createInvoice?message=Q3JlYXRlZCBTdWNjZXNzZnVsbHk= 200 - - 1328.699 ms
POST /createInvoice 302 146 - 31.977 ms
GET /createInvoice?message=Q3JlYXRlZCBTdWNjZXNzZnVsbHk= 200 - - 48.143 ms
GET / 302 54 - 32.154 ms
GET /home 200 347 - 1512.281 ms
GET / 302 54 - 47.290 ms
GET /home 200 347 - 75.086 ms
GET /createInvoice? 200 1012 - 71.316 ms
POST /createInvoice 302 146 - 254.917 ms
GET /createInvoice?message=Q3JlYXRlZCBTdWNjZXNzZnVsbHk= 200 - - 152.961 ms
GET / 302 54 - 131.494 ms
GET /home 200 347 - 6544.508 ms
GET /createInvoice? 200 1012 - 489.828 ms
POST /createInvoice 302 146 - 260.683 ms
GET /createInvoice?message=Q3JlYXRlZCBTdWNjZXNzZnVsbHk= 200 - - 399.981 ms
GET /createInvoice?message=Q3JlYXRlZCBTdWNjZXNzZnVsbHk= 200 - - 2316.907 ms
POST /createInvoice 302 146 - 35.990 ms
GET /createInvoice?message=Q3JlYXRlZCBTdWNjZXNzZnVsbHk= 200 - - 49.883 ms
GET /createInvoice?message=Q3JlYXRlZCBTdWNjZXNzZnVsbHk= 200 - - 806.640 ms
POST /createInvoice 302 146 - 34.208 ms
GET /createInvoice?message=Q3JlYXRlZCBTdWNjZXNzZnVsbHk= 200 - - 60.910 ms
GET /createInvoice?message=Q3JlYXRlZCBTdWNjZXNzZnVsbHk= 200 - - 1470.703 ms
POST /createInvoice 302 146 - 36.531 ms
GET /createInvoice?message=Q3JlYXRlZCBTdWNjZXNzZnVsbHk= 200 - - 51.122 ms
GET /createInvoice?message=Q3JlYXRlZCBTdWNjZXNzZnVsbHk= 200 - - 4099.710 ms
POST /createInvoice 302 146 - 43.801 ms
GET /createInvoice?message=Q3JlYXRlZCBTdWNjZXNzZnVsbHk= 200 - - 59.564 ms
GET /createInvoice?message=Q3JlYXRlZCBTdWNjZXNzZnVsbHk= 200 - - 3805.375 ms
POST /createInvoice 302 146 - 47.597 ms
GET /createInvoice?message=Q3JlYXRlZCBTdWNjZXNzZnVsbHk= 200 - - 66.515 ms
GET /createInvoice?message=Q3JlYXRlZCBTdWNjZXNzZnVsbHk= 200 - - 1717.477 ms
POST /createInvoice 302 146 - 29.866 ms
GET /createInvoice?message=Q3JlYXRlZCBTdWNjZXNzZnVsbHk= 200 - - 67.509 ms
POST /createInvoice 302 146 - 39.408 ms
GET /createInvoice?message=Q3JlYXRlZCBTdWNjZXNzZnVsbHk= 200 - - 42.177 ms
GET /createInvoice?message=Q3JlYXRlZCBTdWNjZXNzZnVsbHk= 200 - - 1140.239 ms
POST /createInvoice 302 146 - 46.950 ms
GET /createInvoice?message=Q3JlYXRlZCBTdWNjZXNzZnVsbHk= 200 - - 59.165 ms
GET /createInvoice?message=Q3JlYXRlZCBTdWNjZXNzZnVsbHk= 200 - - 871.087 ms
GET / 302 54 - 16.583 ms
GET /home 200 347 - 53.275 ms
GET / 302 54 - 11.895 ms
GET /home 200 347 - 38.750 ms
GET /createInvoice? 200 1012 - 99.649 ms
POST /createInvoice 302 146 - 186.953 ms
GET /createInvoice?message=Q3JlYXRlZCBTdWNjZXNzZnVsbHk= 200 - - 232.567 ms
GET /createInvoice?message=Q3JlYXRlZCBTdWNjZXNzZnVsbHk= 200 - - 1441.851 ms
POST /createInvoice 302 146 - 32.239 ms
GET /createInvoice?message=Q3JlYXRlZCBTdWNjZXNzZnVsbHk= 200 - - 55.604 ms
GET /jZXNzZnVsbHk= 404 152 - 10.899 ms
GET / 302 54 - 16.365 ms
GET /home 200 347 - 930.706 ms
GET / 302 54 - 13.494 ms
GET /home 200 347 - 51.781 ms
GET /createInvoice? 200 1012 - 96.376 ms
POST /createInvoice 302 146 - 46.070 ms
GET /createInvoice?message=Q3JlYXRlZCBTdWNjZXNzZnVsbHk= 200 - - 101.717 ms
GET / 302 54 - 29.292 ms
GET /home 200 347 - 1299.582 ms
GET / 302 54 - 11.530 ms
GET /home 200 347 - 50.745 ms
GET /createInvoice? 200 1012 - 99.708 ms
POST /createInvoice 302 146 - 159.128 ms
GET /createInvoice?message=Q3JlYXRlZCBTdWNjZXNzZnVsbHk= 200 - - 157.698 ms
GET /createInvoice?message=Q3JlYXRlZCBTdWNjZXNzZnVsbHk= 200 - - 1482.830 ms
POST /createInvoice 302 146 - 36.847 ms
GET /createInvoice?message=Q3JlYXRlZCBTdWNjZXNzZnVsbHk= 200 - - 60.402 ms
GET / 302 54 - 1889.381 ms
GET / 302 54 - 1983.523 ms
GET /home - - - - ms
GET /home 302 56 - 124.955 ms
GET /login 200 375 - 1200.944 ms
GET /signup? 200 532 - 52.553 ms
POST /signup 200 412 - 204.638 ms
POST /login 302 54 - 152.307 ms
GET /home 200 347 - 31.295 ms
GET /createInvoice? 200 1012 - 97.989 ms
POST /createInvoice 302 146 - 278.622 ms
GET /createInvoice?message=Q3JlYXRlZCBTdWNjZXNzZnVsbHk= 200 - - 279.585 ms
GET /createInvoice?message=Q3JlYXRlZCBTdWNjZXNzZnVsbHk= 200 - - 770.471 ms
POST /createInvoice 302 146 - 39.146 ms
GET /createInvoice?message=Q3JlYXRlZCBTdWNjZXNzZnVsbHk= 200 - - 90.774 ms
GET /createInvoice?message=Q3JlYXRlZCBTdWNjZXNzZnVsbHk= 200 - - 4437.223 ms
POST /createInvoice 302 146 - 86.832 ms
GET /createInvoice?message=Q3JlYXRlZCBTdWNjZXNzZnVsbHk= 200 - - 49.716 ms
GET /createInvoice?message=Q3JlYXRlZCBTdWNjZXNzZnVsbHk= 200 - - 1310.151 ms
POST /createInvoice 302 146 - 34.647 ms
GET /createInvoice?message=Q3JlYXRlZCBTdWNjZXNzZnVsbHk= 200 - - 52.552 ms
GET / 302 54 - 1581.315 ms
GET / 302 54 - 1467.713 ms
GET /home 200 347 - 1440.850 ms
GET /home 200 347 - 45.882 ms
GET /createInvoice? 200 1012 - 80.284 ms
POST /createInvoice 302 146 - 256.126 ms
GET /createInvoice?message=Q3JlYXRlZCBTdWNjZXNzZnVsbHk= 200 - - 286.037 ms
GET /createInvoice?message=Q3JlYXRlZCBTdWNjZXNzZnVsbHk= 200 - - 3206.607 ms
POST /createInvoice 302 146 - 39.363 ms
GET /createInvoice?message=Q3JlYXRlZCBTdWNjZXNzZnVsbHk= 200 - - 55.411 ms
GET /createInvoice?message=Q3JlYXRlZCBTdWNjZXNzZnVsbHk= 200 - - 786.816 ms
POST /createInvoice 302 146 - 230.558 ms
GET /createInvoice?message=Q3JlYXRlZCBTdWNjZXNzZnVsbHk= 200 - - 131.735 ms
GET /createInvoice?message=Q3JlYXRlZCBTdWNjZXNzZnVsbHk= 200 - - 3379.791 ms
POST /createInvoice 302 146 - 39.510 ms
GET /createInvoice?message=Q3JlYXRlZCBTdWNjZXNzZnVsbHk= 200 - - 67.161 ms
GET /Hk= 404 142 - 10.650 ms
GET / 302 54 - 14.691 ms
GET /home 200 347 - 1359.146 ms
GET / 302 54 - 14.879 ms
GET /home 200 347 - 27.996 ms
GET /createInvoice? 200 1012 - 53.833 ms
POST /createInvoice 302 146 - 28.351 ms
GET /createInvoice?message=Q3JlYXRlZCBTdWNjZXNzZnVsbHk= 200 - - 50.910 ms
GET /createInvoice?message=Q3JlYXRlZCBTdWNjZXNzZnVsbHk= 200 - - 3147.644 ms
POST /createInvoice 302 146 - 31.013 ms
GET /createInvoice?message=Q3JlYXRlZCBTdWNjZXNzZnVsbHk= 200 - - 39.318 ms
POST /createInvoice 302 146 - 2292.467 ms
GET /createInvoice?message=Q3JlYXRlZCBTdWNjZXNzZnVsbHk= 200 - - 1196.345 ms
GET /createInvoice?message=Q3JlYXRlZCBTdWNjZXNzZnVsbHk= 200 - - 3427.463 ms
POST /createInvoice 302 146 - 54.685 ms
GET /createInvoice?message=Q3JlYXRlZCBTdWNjZXNzZnVsbHk= 200 - - 52.043 ms
GET /createInvoice 200 1012 - 746.068 ms
POST /createInvoice 302 146 - 44.175 ms
GET /createInvoice?message=Q3JlYXRlZCBTdWNjZXNzZnVsbHk= 200 - - 52.855 ms
POST /createInvoice 302 146 - 60.900 ms
GET /createInvoice?message=Q3JlYXRlZCBTdWNjZXNzZnVsbHk= 200 - - 1391.650 ms
GET /createInvoice?message=Q3JlYXRlZCBTdWNjZXNzZnVsbHk= - - - - ms
POST /createInvoice 302 146 - 6458.157 ms
GET /createInvoice?message=Q3JlYXRlZCBTdWNjZXNzZnVsbHk= 200 - - 49.977 ms
GET /createInvoice?message=Q3JlYXRlZCBTdWNjZXNzZnVsbHk= 200 - - 56.155 ms
POST /createInvoice 302 146 - 9.368 ms
GET /createInvoice?message=Q3JlYXRlZCBTdWNjZXNzZnVsbHk= 200 - - 44.607 ms
GET /createInvoice?message=Q3JlYXRlZCBTdWNjZXNzZnVsbHk= 200 - - 104.149 ms
GET /createInvoice?message=Q3JlYXRlZCBTdWNjZXNzZnVsbHk= 200 - - 889.334 ms
POST /createInvoice 302 146 - 41.919 ms
GET /createInvoice?message=Q3JlYXRlZCBTdWNjZXNzZnVsbHk= 200 - - 62.966 ms
POST /createInvoice 302 146 - 656.300 ms
GET /createInvoice?message=Q3JlYXRlZCBTdWNjZXNzZnVsbHk= 200 - - 970.117 ms
POST /createInvoice 302 146 - 491.926 ms
GET /createInvoice?message=Q3JlYXRlZCBTdWNjZXNzZnVsbHk= 200 - - 757.205 ms
GET /createInvoice?message=Q3JlYXRlZCBTdWNjZXNzZnVsbHk= 200 - - 3935.455 ms
POST /createInvoice 302 146 - 40.425 ms
GET /createInvoice?message=Q3JlYXRlZCBTdWNjZXNzZnVsbHk= 200 - - 70.942 ms
GET /createInvoice?message=Q3JlYXRlZCBTdWNjZXNzZnVsbHk= 200 - - 962.734 ms
POST /createInvoice 302 146 - 49.008 ms
GET /createInvoice?message=Q3JlYXRlZCBTdWNjZXNzZnVsbHk= 200 - - 75.379 ms
GET / 302 54 - 32.168 ms
GET / 302 54 - 11.308 ms
GET /home 200 347 - 1132.215 ms
GET /home 200 347 - 50.579 ms
GET /createInvoice? 200 1012 - 58.943 ms
POST /createInvoice 302 146 - 207.258 ms
GET /createInvoice?message=Q3JlYXRlZCBTdWNjZXNzZnVsbHk= 200 - - 102.558 ms
POST /createInvoice 302 146 - 2385.086 ms
GET /createInvoice?message=Q3JlYXRlZCBTdWNjZXNzZnVsbHk= 200 - - 1383.714 ms
GET /createInvoice?message=Q3JlYXRlZCBTdWNjZXNzZnVsbHk= 200 - - 43.101 ms
POST /createInvoice 302 146 - 15.667 ms
GET /createInvoice?message=Q3JlYXRlZCBTdWNjZXNzZnVsbHk= 200 - - 60.716 ms
GET /createInvoice?message=Q3JlYXRlZCBTdWNjZXNzZnVsbHk= 200 - - 4706.078 ms
POST /createInvoice 302 146 - 68.125 ms
GET /createInvoice?message=Q3JlYXRlZCBTdWNjZXNzZnVsbHk= 200 - - 55.899 ms
GET /createInvoice?message=Q3JlYXRlZCBTdWNjZXNzZnVsbHk= 200 - - 767.599 ms
POST /createInvoice 302 146 - 44.385 ms
GET /createInvoice?message=Q3JlYXRlZCBTdWNjZXNzZnVsbHk= 200 - - 40.198 ms
GET /createInvoice?message=Q3JlYXRlZCBTdWNjZXNzZnVsbHk= 200 - - 4516.873 ms
POST /createInvoice 302 146 - 41.905 ms
GET /createInvoice?message=Q3JlYXRlZCBTdWNjZXNzZnVsbHk= 200 - - 43.365 ms
GET /createInvoice?message=Q3JlYXRlZCBTdWNjZXNzZnVsbHk= 200 - - 3058.558 ms
POST /createInvoice 302 146 - 39.911 ms
GET /createInvoice?message=Q3JlYXRlZCBTdWNjZXNzZnVsbHk= 200 - - 52.344 ms
POST /createInvoice 302 146 - 49.835 ms
GET /createInvoice?message=Q3JlYXRlZCBTdWNjZXNzZnVsbHk= 200 - - 1177.380 ms
GET /createInvoice?message=Q3JlYXRlZCBTdWNjZXNzZnVsbHk= 200 - - 813.564 ms
POST /createInvoice 302 146 - 33.594 ms
GET /createInvoice?message=Q3JlYXRlZCBTdWNjZXNzZnVsbHk= 200 - - 50.436 ms
GET /createInvoice?message=Q3JlYXRlZCBTdWNjZXNzZnVsbHk= 200 - - 2942.911 ms
POST /createInvoice 302 146 - 36.459 ms
GET /createInvoice?message=Q3JlYXRlZCBTdWNjZXNzZnVsbHk= 200 - - 60.649 ms
GET /home - - - - ms
GET / 302 54 - 2008.662 ms
GET / 302 54 - 2909.392 ms
GET /home 200 347 - 93.624 ms
GET /createInvoice? 200 1012 - 42.560 ms
POST /createInvoice 302 146 - 172.884 ms
GET /createInvoice?message=Q3JlYXRlZCBTdWNjZXNzZnVsbHk= 200 - - 39.916 ms
GET /createInvoice?message=Q3JlYXRlZCBTdWNjZXNzZnVsbHk= 200 - - 738.474 ms
POST /createInvoice 302 146 - 40.794 ms
GET /createInvoice?message=Q3JlYXRlZCBTdWNjZXNzZnVsbHk= 200 - - 50.942 ms
GET /createInvoice?message=Q3JlYXRlZCBTdWNjZXNzZnVsbHk= 200 - - 763.000 ms
POST /createInvoice 302 146 - 35.754 ms
GET /createInvoice?message=Q3JlYXRlZCBTdWNjZXNzZnVsbHk= 200 - - 46.930 ms
GET / 302 54 - 6.413 ms
GET /home 200 347 - 37.352 ms
GET / 302 54 - 10.861 ms
GET /home 200 347 - 29.314 ms
GET /viewInvoice? - - - - ms
GET /home 200 347 - 26.896 ms
GET /createInvoice? 200 1012 - 52.694 ms
POST /createInvoice 302 146 - 203.566 ms
GET /createInvoice?message=Q3JlYXRlZCBTdWNjZXNzZnVsbHk= 200 - - 83.798 ms
POST /createInvoice 302 146 - 12.083 ms
GET /createInvoice?message=Q3JlYXRlZCBTdWNjZXNzZnVsbHk= 200 - - 77.530 ms
GET / 302 54 - 18.699 ms
GET /home 200 347 - 687.259 ms
GET /createInvoice? 200 1012 - 50.426 ms
POST /createInvoice 302 146 - 219.247 ms
GET /createInvoice?message=Q3JlYXRlZCBTdWNjZXNzZnVsbHk= 200 - - 41.749 ms
GET /createInvoice?message=Q3JlYXRlZCBTdWNjZXNzZnVsbHk= 200 - - 64.262 ms
POST /createInvoice 302 146 - 17.081 ms
GET /createInvoice?message=Q3JlYXRlZCBTdWNjZXNzZnVsbHk= 200 - - 55.339 ms
POST /createInvoice 302 146 - 175.477 ms
GET /createInvoice?message=Q3JlYXRlZCBTdWNjZXNzZnVsbHk= 200 - - 700.637 ms
POST /createInvoice 302 146 - 1195.204 ms
GET /createInvoice?message=Q3JlYXRlZCBTdWNjZXNzZnVsbHk= 200 - - 1176.187 ms
POST /createInvoice 302 146 - 831.093 ms
GET /createInvoice?message=Q3JlYXRlZCBTdWNjZXNzZnVsbHk= 200 - - 1158.229 ms
GET /createInvoice?message=Q3JlYXRlZCBTdWNjZXNzZnVsbHk= 500 - - 1203.665 ms
GET /createInvoice?message=Q3JlYXRlZCBTdWNjZXNzZnVsbHk= 500 - - 29.547 ms
GET /createInvoice?message=Q3JlYXRlZCBTdWNjZXNzZnVsbHk= 500 - - 28.801 ms
GET /createInvoice?message=Q3JlYXRlZCBTdWNjZXNzZnVsbHk= 500 - - 38.402 ms
GET /createInvoice?message=Q3JlYXRlZCBTdWNjZXNzZnVsbHk= 500 - - 42.266 ms
GET /createInvoice?message=Q3JlYXRlZCBTdWNjZXNzZnVsbHk= 500 - - 22.874 ms
GET /createInvoice?message=Q3JlYXRlZCBTdWNjZXNzZnVsbHk= 200 - - 89.337 ms
GET /createInvoice?message=Q3JlYXRlZCBTdWNjZXNzZnVsbHk= 500 - - 44.924 ms
GET /createInvoice?message=Q3JlYXRlZCBTdWNjZXNzZnVsbHk= 500 - - 46.733 ms
GET /createInvoice?message=Q3JlYXRlZCBTdWNjZXNzZnVsbHk= 200 - - 65.599 ms
POST /createInvoice 302 146 - 33.534 ms
GET /createInvoice?message=Q3JlYXRlZCBTdWNjZXNzZnVsbHk= 200 - - 40.570 ms
GET /createInvoice?message=Q3JlYXRlZCBTdWNjZXNzZnVsbHk= 200 - - 46.225 ms
GET /createInvoice?message=Q3JlYXRlZCBTdWNjZXNzZnVsbHk= 200 - - 52.759 ms
GET /createInvoice?message=Q3JlYXRlZCBTdWNjZXNzZnVsbHk= 200 - - 67.168 ms
POST /createInvoice 302 146 - 7.775 ms
GET /createInvoice?message=Q3JlYXRlZCBTdWNjZXNzZnVsbHk= 200 - - 32.506 ms
POST /createInvoice 302 146 - 32.410 ms
GET /createInvoice?message=Q3JlYXRlZCBTdWNjZXNzZnVsbHk= 200 - - 36.494 ms
GET / 302 54 - 28.124 ms
GET / 302 54 - 6.265 ms
GET /home 200 347 - 1281.749 ms
GET /home 200 347 - 73.021 ms
GET /viewInvoice? 200 - - 154.647 ms
GET /viewInvoice? 200 - - 57.911 ms
GET /viewInvoice? 200 - - 8969.481 ms
GET /viewInvoice? 200 - - 5998.814 ms
GET /viewInvoice? 200 - - 783.829 ms
GET /home 200 347 - 25.868 ms
GET /viewInvoice? 200 - - 65.619 ms
GET / 302 54 - 17.727 ms
GET /home 200 347 - 834.778 ms
GET / 302 54 - 7.931 ms
GET /home 200 347 - 21.885 ms
GET / 302 54 - 13.171 ms
GET /viewInvoice? - - - - ms
GET /home 200 347 - 1298.667 ms
GET / 302 54 - 6.187 ms
GET /home 200 347 - 19.653 ms
GET /viewInvoice? 200 - - 5153.327 ms
GET / 302 54 - 7.942 ms
GET /home 200 347 - 41.177 ms
GET / 302 54 - 10.672 ms
GET /home 200 347 - 34.176 ms
GET /viewInvoice? 200 - - 48.764 ms
GET /viewInvoice? 200 - - 6254.119 ms
GET /viewInvoice? 200 - - 930.222 ms
GET /viewInvoice? - - - - ms
GET /viewInvoice? 200 - - 3691.565 ms
GET /viewInvoice? 200 - - 803.748 ms
GET /viewInvoice? - - - - ms
GET /viewInvoice? 200 - - 3003.383 ms
GET /viewInvoice? 200 - - 5284.199 ms
GET /viewInvoice? 200 - - 4458.663 ms
GET / 302 54 - 19.103 ms
GET /home 200 347 - 890.243 ms
GET / 302 54 - 7.409 ms
GET /home 200 347 - 24.117 ms
GET /viewInvoice? 200 - - 6284.656 ms
GET /viewInvoice? 200 - - 3758.237 ms
GET /viewInvoice? - - - - ms
GET / - - - - ms
GET / 302 54 - 23.423 ms
GET /home 200 347 - 19.725 ms
GET /viewInvoice? 200 - - 117.383 ms
GET /viewInvoice? 200 - - 1268.689 ms
GET /viewInvoice? 200 - - 1187.777 ms
GET /viewInvoice? 200 - - 1991.990 ms
GET /viewInvoice? 200 - - 2297.338 ms
GET / 302 54 - 19.655 ms
GET /home 200 347 - 1310.226 ms
GET / 302 54 - 6.015 ms
GET /home 200 347 - 26.180 ms
GET /viewInvoice? 200 - - 89.596 ms
GET /viewInvoice? 200 - - 1925.737 ms
GET /viewInvoice? 200 - - 1285.714 ms
GET /home - - - - ms
GET / 302 54 - 3183.974 ms
GET / 302 54 - 2033.668 ms
GET /home 200 347 - 21.794 ms
GET /viewInvoice? 200 - - 180.157 ms
GET /viewInvoice? 200 - - 1451.159 ms
GET /viewInvoice? 200 - - 6566.191 ms
GET /viewInvoice? 200 - - 901.637 ms
GET /viewInvoice? 200 - - 1979.136 ms
GET /viewInvoice? - - - - ms
GET /viewInvoice? 200 - - 6037.790 ms
GET /viewInvoice? 200 - - 4571.653 ms
GET /viewInvoice? 200 - - 5495.992 ms
GET /viewInvoice? 200 - - 6061.245 ms
GET /viewInvoice? 200 - - 4492.612 ms
GET /viewInvoice? 200 - - 1404.611 ms
GET /viewInvoice? 200 - - 1692.754 ms
GET /viewInvoice? 200 - - 1282.308 ms
GET /viewInvoice? 200 - - 1577.004 ms
GET /viewInvoice? 200 - - 1481.541 ms
GET /viewInvoice? 200 - - 1355.991 ms
GET /viewInvoice? 200 - - 4520.590 ms
GET /viewInvoice? 200 - - 2887.354 ms
GET /viewInvoice? 200 - - 883.493 ms
GET /viewInvoice? 200 - - 2917.691 ms
GET /viewInvoice? 200 - - 2121.676 ms
GET /viewInvoice? 200 - - 5145.507 ms
GET /viewInvoice? 200 - - 6028.286 ms
GET /viewInvoice? 200 - - 5967.429 ms
GET /viewInvoice? 200 - - 1184.331 ms
GET /viewInvoice? 200 - - 1549.435 ms
GET /viewInvoice? 200 - - 4365.583 ms
GET /viewInvoice? 200 - - 2839.825 ms
GET /viewInvoice? 200 - - 6578.176 ms
GET /viewInvoice? 200 - - 1614.965 ms
GET /viewInvoice? 200 - - 1564.878 ms
GET /viewInvoice? 200 - - 2538.922 ms
GET /viewInvoice? 200 - - 5904.305 ms
GET /viewInvoice? 200 - - 5053.052 ms
GET /viewInvoice? 200 - - 2684.158 ms
GET /viewInvoice? 200 - - 1002.488 ms
GET /viewInvoice? 200 - - 105.061 ms
GET /viewInvoice? 200 - - 4518.740 ms
GET /viewInvoice? 500 - - 97.047 ms
GET /viewInvoice? 500 - - 96.776 ms
GET /viewInvoice? 500 - - 79.449 ms
GET /viewInvoice? 200 - - 85.445 ms
GET /viewInvoice? 200 - - 109.658 ms
GET /viewInvoice? 200 - - 99.568 ms
GET /viewInvoice? 200 - - 118.901 ms
GET /viewInvoice? 200 - - 122.354 ms
GET /viewInvoice? 500 - - 100.315 ms
GET /viewInvoice? 200 - - 132.635 ms
GET /viewInvoice? 200 - - 148.385 ms
GET /viewInvoice? 200 - - 89.851 ms
GET / 302 54 - 7.974 ms
GET / 302 54 - 11.153 ms
GET /home 200 347 - 26.359 ms
GET /home 200 347 - 42.787 ms
GET /viewInvoice? 200 - - 96.946 ms
GET /viewInvoice? 200 - - 91.325 ms
GET /viewInvoice? 200 - - 174.887 ms
GET /viewInvoice? 200 - - 118.628 ms
GET /viewInvoice? 200 - - 140.475 ms
GET /viewInvoice? 200 - - 114.718 ms
GET /viewInvoice? 500 - - 101.447 ms
GET /viewInvoice? 200 - - 83.728 ms
GET /viewInvoice? 200 - - 109.275 ms
GET /viewInvoice? - - - - ms
GET / 302 54 - 74.132 ms
GET / 302 54 - 5.221 ms
GET /home 200 347 - 21.192 ms
GET /home 200 347 - 22.775 ms
GET /viewInvoice? 200 - - 85.554 ms
GET /viewInvoice? 200 - - 113.513 ms
GET /home 200 347 - 16.049 ms
GET /viewInvoice? - - - - ms
GET /home 200 347 - 2613.185 ms
GET / 302 54 - 206.115 ms
GET / 302 54 - 9.945 ms
GET /home 200 347 - 844.803 ms
GET /home 200 347 - 49.339 ms
GET /viewInvoice? 200 85 - 64.796 ms
GET /home 200 347 - 16.782 ms
GET /createInvoice? 200 - - 51.350 ms
POST /createInvoice 302 146 - 186.062 ms
GET /createInvoice?message=Q3JlYXRlZCBTdWNjZXNzZnVsbHk= 200 - - 63.812 ms
GET /createInvoice? 200 - - 56.498 ms
GET /home 200 347 - 29.305 ms
GET /viewInvoice? 200 85 - 46.635 ms
GET / 302 54 - 9.037 ms
GET /home 200 347 - 19.826 ms
GET / 302 54 - 5.327 ms
GET /home 200 347 - 16.307 ms
GET /viewInvoice? 200 85 - 51.087 ms
GET / 302 54 - 21.535 ms
GET / 302 54 - 5.471 ms
GET /home 200 347 - 1288.771 ms
GET /home 200 347 - 54.183 ms
GET /viewInvoice? 200 833 - 111.698 ms
GET /home 200 347 - 17.197 ms
GET /home 200 347 - 3245.710 ms
GET /viewInvoice? 200 833 - 1250.423 ms
GET / 302 54 - 12.286 ms
GET /home 200 347 - 29.871 ms
GET /viewInvoice? 200 833 - 83.111 ms
GET /home 200 347 - 23.727 ms
GET /createInvoice? 200 - - 62.493 ms
POST /createInvoice 302 146 - 18.408 ms
GET /createInvoice?message=Q3JlYXRlZCBTdWNjZXNzZnVsbHk= 200 - - 56.528 ms
POST /createInvoice 302 146 - 12.890 ms
GET /createInvoice?message=Q3JlYXRlZCBTdWNjZXNzZnVsbHk= 200 - - 66.582 ms
GET / 302 54 - 3.773 ms
GET /home 200 347 - 26.848 ms
GET / 302 54 - 6.809 ms
GET /home 200 347 - 22.450 ms
GET /viewInvoice? 200 - - 74.623 ms
GET / 302 54 - 3.926 ms
GET /home 200 347 - 15.686 ms
GET /home 200 347 - 3251.405 ms
GET / 302 54 - 1173.713 ms
GET / 302 54 - 2011.193 ms
GET /home 200 347 - 21.188 ms
GET /viewInvoice? 500 - - 53.438 ms
GET /viewInvoice? 200 - - 122.040 ms
GET /viewInvoice? 200 - - 92.662 ms
GET /viewInvoice? 200 - - 95.428 ms
GET /viewInvoice? 200 - - 1589.872 ms
GET /deleteInvoice? - - - - ms
GET /deleteInvoice? - - - - ms
GET / 302 54 - 13.437 ms
GET /home 200 347 - 55.110 ms
GET / 302 54 - 9.012 ms
GET /home 200 347 - 63.582 ms
GET /viewInvoice? 200 - - 110.295 ms
GET /deleteInvoice? 404 152 - 3062.584 ms
GET / 302 54 - 17.626 ms
GET /home 200 347 - 1411.219 ms
GET / 302 54 - 13.973 ms
GET /home 200 347 - 34.818 ms
GET /viewInvoice? 200 - - 104.311 ms
POST /deleteInvoice - - - - ms
GET /viewInvoice? 200 - - 82.890 ms
POST /deleteInvoice - - - - ms
GET /viewInvoice? 200 - - 88.676 ms
POST /deleteInvoice - - - - ms
GET /viewInvoice? 200 - - 67.641 ms
POST /deleteInvoice - - - - ms
POST /deleteInvoice - - - - ms
GET / 302 54 - 18.480 ms
GET /home 200 347 - 1269.290 ms
GET / 302 54 - 8.579 ms
GET /home 200 347 - 26.861 ms
GET /viewInvoice? 200 - - 102.907 ms
POST /deleteInvoice - - - - ms
GET /home 200 347 - 26.950 ms
GET /viewInvoice? 200 85 - 73.112 ms
GET / 302 54 - 887.201 ms
GET / 302 54 - 8.850 ms
GET /home 200 347 - 1194.714 ms
GET /home 200 347 - 47.329 ms
GET /createInvoice? 200 - - 51.868 ms
POST /createInvoice 302 146 - 25.338 ms
GET /createInvoice?message=Q3JlYXRlZCBTdWNjZXNzZnVsbHk= 200 - - 40.748 ms
POST /createInvoice 302 146 - 43.217 ms
GET /createInvoice?message=Q3JlYXRlZCBTdWNjZXNzZnVsbHk= 200 - - 74.983 ms
GET / 302 54 - 6.626 ms
GET /home 200 347 - 23.907 ms
GET / 302 54 - 5.796 ms
GET /home 200 347 - 48.477 ms
GET /viewInvoice? 200 - - 95.744 ms
POST /deleteInvoice - - - - ms
GET / 302 54 - 6.667 ms
GET /home 200 347 - 21.477 ms
GET / 302 54 - 6.851 ms
GET /home 200 347 - 33.421 ms
GET /viewInvoice? 200 - - 89.292 ms
GET / 302 54 - 18.195 ms
GET /home 200 347 - 1225.174 ms
GET /viewInvoice? 200 - - 178.118 ms
GET / 302 54 - 9.630 ms
GET /home 200 347 - 32.219 ms
POST /deleteInvoice - - - - ms
GET / 302 54 - 11.715 ms
GET /home 200 347 - 36.220 ms
GET /viewInvoice? 200 85 - 68.166 ms
GET /home 200 347 - 22.976 ms
GET /createInvoice? 200 - - 46.151 ms
POST /createInvoice 302 146 - 17.898 ms
GET /createInvoice?message=Q3JlYXRlZCBTdWNjZXNzZnVsbHk= 200 - - 46.033 ms
POST /createInvoice 302 146 - 11.133 ms
GET /createInvoice?message=Q3JlYXRlZCBTdWNjZXNzZnVsbHk= 200 - - 69.778 ms
GET /createInvoice?message=Q3JlYXRlZCBTdWNjZXNzZnVsbHk= 200 - - 61.091 ms
GET /createInvoice? 200 - - 32.430 ms
GET /home 200 347 - 30.123 ms
GET /viewInvoice? 200 - - 88.827 ms
GET / 302 54 - 26.379 ms
GET /home 200 347 - 980.365 ms
GET / 302 54 - 9.461 ms
GET /home 200 347 - 24.178 ms
GET /viewInvoice? 200 - - 121.494 ms
POST /deleteInvoice - - - - ms
GET / 302 54 - 6.548 ms
GET /home 200 347 - 32.833 ms
POST /deleteInvoice - - - - ms
GET / 302 54 - 6.443 ms
GET /home 200 347 - 27.877 ms
GET /viewInvoice? 200 - - 91.056 ms
POST /deleteInvoice - - - - ms
GET / 302 54 - 6.398 ms
GET /home 200 347 - 30.963 ms
GET /viewInvoice? 200 - - 102.616 ms
GET / - - - - ms
GET / 302 54 - 3637.911 ms
GET /home 200 347 - 4518.560 ms
GET / 302 54 - 1846.490 ms
GET /home 200 347 - 3131.015 ms
GET /viewInvoice? - - - - ms
GET /createInvoice? 200 - - 55.600 ms
POST /createInvoice 302 146 - 18.467 ms
GET /createInvoice?message=Q3JlYXRlZCBTdWNjZXNzZnVsbHk= 200 - - 57.192 ms
GET / 302 54 - 4.331 ms
GET /home 200 347 - 28.190 ms
GET / 302 54 - 6.652 ms
GET /home 200 347 - 24.507 ms
GET /viewInvoice? 200 - - 82.049 ms
GET / - - - - ms
GET / 302 54 - 4.793 ms
GET /home 200 347 - 1126.280 ms
GET /viewInvoice? 200 85 - 68.678 ms
GET /home 200 347 - 29.985 ms
GET /createInvoice? 200 - - 49.799 ms
POST /createInvoice 302 146 - 109.942 ms
GET /createInvoice?message=Q3JlYXRlZCBTdWNjZXNzZnVsbHk= 200 - - 59.048 ms
POST /createInvoice 302 146 - 12.718 ms
GET /createInvoice?message=Q3JlYXRlZCBTdWNjZXNzZnVsbHk= 200 - - 61.889 ms
GET /createInvoice?message=Q3JlYXRlZCBTdWNjZXNzZnVsbHk= 200 - - 49.969 ms
GET /createInvoice? 200 - - 74.019 ms
GET /home 200 347 - 27.419 ms
GET /home 200 347 - 18.083 ms
GET /viewInvoice? 200 - - 75.383 ms
POST /deleteInvoice - - - - ms
GET /home 200 347 - 21.352 ms
GET /viewInvoice? 200 883 - 65.462 ms
GET / 302 54 - 20.847 ms
GET / 302 54 - 9.637 ms
GET /home 200 347 - 1449.535 ms
GET /home 200 347 - 46.074 ms
GET /viewInvoice? 200 883 - 114.418 ms
POST /deleteInvoice 302 68 - 24.415 ms
GET /viewInvoice - - - - ms
GET / 302 54 - 15.148 ms
GET /home 200 347 - 851.335 ms
GET /viewInvoice - - - - ms
GET / 302 54 - 8.739 ms
GET /home 200 347 - 25.676 ms
GET /viewInvoice? - - - - ms
GET / 302 54 - 2111.682 ms
GET /home 200 347 - 2136.388 ms
GET /viewInvoice - - - - ms
GET / 302 54 - 15.085 ms
GET /home 200 347 - 1409.515 ms
GET /viewInvoice? - - - - ms
GET / 302 54 - 26.708 ms
GET /home 200 347 - 25.618 ms
GET /createInvoice? 200 - - 62.888 ms
POST /createInvoice 302 146 - 21.572 ms
GET /createInvoice?message=Q3JlYXRlZCBTdWNjZXNzZnVsbHk= 200 - - 45.158 ms
POST /createInvoice 302 146 - 7.570 ms
GET /createInvoice?message=Q3JlYXRlZCBTdWNjZXNzZnVsbHk= 200 - - 41.217 ms
GET /ge=Q3JlYXRlZCBTdWNjZXNzZnVsbHk= 404 170 - 5.003 ms
GET / 302 54 - 5.742 ms
GET /home 200 347 - 26.016 ms
GET / 302 54 - 7.739 ms
GET /home 200 347 - 35.157 ms
GET / 302 54 - 1544.408 ms
GET /home 200 347 - 1168.310 ms
GET /viewInvoice? 200 - - 106.642 ms
POST /deleteInvoice 302 68 - 22.993 ms
GET /viewInvoice 200 866 - 90.709 ms
POST /deleteInvoice 302 68 - 16.477 ms
GET / 302 54 - 27.256 ms
GET /home 200 347 - 1381.441 ms
GET / 302 54 - 7.466 ms
GET /home 200 347 - 21.005 ms
GET / 302 54 - 35565.171 ms
GET /viewInvoice? - - - - ms
GET / 302 54 - 89.111 ms
GET /home 200 347 - 713.196 ms
GET /createInvoice? 200 - - 56.343 ms
POST /createInvoice 302 146 - 25.655 ms
GET /createInvoice?message=Q3JlYXRlZCBTdWNjZXNzZnVsbHk= 200 - - 55.745 ms
GET /createInvoice? 200 - - 43.905 ms
GET /home 200 347 - 18.203 ms
GET /viewInvoice? 200 866 - 110.244 ms
GET /viewInvoice? 200 866 - 856.888 ms
GET /viewInvoice? 200 866 - 1262.126 ms
GET / 302 54 - 15.866 ms
GET /home 200 347 - 707.560 ms
GET /createInvoice? 200 - - 54.566 ms
POST /createInvoice 302 146 - 26.467 ms
GET /createInvoice?message=Q3JlYXRlZCBTdWNjZXNzZnVsbHk= 200 - - 73.598 ms
GET /createInvoice? 200 - - 44.197 ms
GET /home 200 347 - 19.799 ms
GET /viewInvoice? 200 - - 92.594 ms
POST /deleteInvoice 302 68 - 17.513 ms
GET /viewInvoice 200 801 - 70.404 ms
POST /deleteInvoice 302 68 - 19.899 ms
GET /viewInvoice 200 85 - 66.593 ms
GET / 302 54 - 5.318 ms
GET /home 200 347 - 19.682 ms
GET / 302 54 - 7.684 ms
GET /home 200 347 - 38.203 ms
GET /viewInvoice? 200 85 - 53.063 ms
GET / 302 54 - 6.224 ms
GET / 302 54 - 5.259 ms
GET /home 200 347 - 19.102 ms
GET / - - - - ms
GET / 302 54 - 2900.867 ms
GET /home 200 347 - 2373.572 ms
GET / 302 54 - 12931.453 ms
GET / 302 54 - 5.602 ms
GET / 302 54 - 15.972 ms
GET /home 200 347 - 1008.694 ms
GET /viewInvoice? 200 85 - 66.856 ms
GET /home 200 347 - 39.506 ms
GET /createInvoice? 200 - - 79.097 ms
POST /createInvoice 302 146 - 16.800 ms
GET /createInvoice?message=Q3JlYXRlZCBTdWNjZXNzZnVsbHk= 200 - - 43.142 ms
POST /createInvoice 302 146 - 10.029 ms
GET /createInvoice?message=Q3JlYXRlZCBTdWNjZXNzZnVsbHk= 200 - - 62.850 ms
GET /createInvoice?message=Q3JlYXRlZCBTdWNjZXNzZnVsbHk= 200 - - 41.925 ms
GET /createInvoice? 200 - - 65.589 ms
GET /home 200 347 - 30.997 ms
GET /viewInvoice? 200 - - 75.473 ms
POST /downloadInvoice 404 155 - 5.530 ms
GET / 302 54 - 788.332 ms
GET / 302 54 - 8.078 ms
GET /home 200 347 - 1111.837 ms
GET /home 200 347 - 40.529 ms
GET /viewInvoice? 200 - - 83.400 ms
GET /downloadPdf? - - - - ms
GET /downloadPdf? - - - - ms
GET /downloadPdf? - - - - ms
GET /downloadPdf? - - - - ms
GET /downloadPdf? - - - - ms
GET /downloadPdf? - - - - ms
GET /downloadPdf? - - - - ms
GET /downloadPdf? - - - - ms
GET /downloadPdf? - - - - ms
GET / 302 54 - 1411.282 ms
GET /home 200 347 - 1093.701 ms
GET /viewInvoice? 200 - - 102.063 ms
GET /downloadPdf? 500 - - 7.677 ms
GET / 302 54 - 27.112 ms
GET /home 200 347 - 1576.850 ms
GET / 302 54 - 6.814 ms
GET /home 200 347 - 56.037 ms
GET /viewInvoice? 200 - - 130.901 ms
GET /downloadPdf? - - - - ms
GET /downloadPdf? - - - - ms
GET / - - - - ms
GET / 302 54 - 6.138 ms
GET /home 200 347 - 44.978 ms
GET /viewInvoice? 200 - - 1222.039 ms
GET /downloadPdf? 500 - - 10.905 ms
GET /viewInvoice? 200 - - 85.815 ms
GET / 302 54 - 15.671 ms
GET /home 302 56 - 4.574 ms
GET /login 200 375 - 1658.210 ms
GET /favicon.ico 404 150 - 1.626 ms
POST /login 302 54 - 262.289 ms
GET /home 200 347 - 25.522 ms
GET /viewInvoice? 200 - - 156.288 ms
GET /viewInvoice? 200 - - 113.562 ms
GET /viewInvoice? 200 - - 760.783 ms
GET /downloadPdf? 302 68 - 1435.693 ms
GET /viewInvoice 200 - - 83.321 ms
GET /viewInvoice 200 - - 4134.566 ms
GET /downloadPdf? 302 68 - 521.230 ms
GET /viewInvoice 200 - - 93.975 ms
GET /viewInvoice 200 - - 808.849 ms
GET /downloadPdf? 302 68 - 357.309 ms
GET /viewInvoice 200 - - 94.345 ms
GET /viewInvoice 200 - - 4865.225 ms
POST /downloadPdf 302 68 - 361.974 ms
GET /viewInvoice 200 - - 129.439 ms
GET /viewInvoice 200 - - 84.255 ms
POST /downloadPdf 302 68 - 386.799 ms
GET /viewInvoice 200 - - 87.210 ms
GET /viewInvoice 200 - - 113.060 ms
POST /downloadPdf 302 68 - 313.571 ms
GET /viewInvoice 200 - - 77.882 ms
GET /viewInvoice 200 - - 59.699 ms
POST /downloadPdf 302 68 - 328.549 ms
GET /viewInvoice 200 - - 86.657 ms
GET /viewInvoice 200 - - 112.522 ms
POST /downloadPdf 302 68 - 294.265 ms
GET /viewInvoice 200 - - 61.940 ms
POST /downloadPdf 302 68 - 1777.769 ms
GET /viewInvoice 200 - - 2799.338 ms
GET /viewInvoice 200 - - 5665.271 ms
POST /downloadPdf 302 68 - 352.755 ms
GET /viewInvoice 200 - - 111.277 ms
GET /viewInvoice 200 - - 4497.059 ms
POST /downloadPdf 500 - - 8.880 ms
GET / 302 54 - 2373.867 ms
GET / 302 54 - 16.419 ms
GET /home 200 347 - 585.316 ms
GET /home 200 347 - 40.289 ms
GET /viewInvoice? 200 - - 102.620 ms
POST /downloadPdf 302 68 - 312.946 ms
GET /viewInvoice 200 - - 78.327 ms
GET /viewInvoice 200 - - 3738.948 ms
POST /downloadPdf 302 68 - 296.423 ms
GET /viewInvoice 200 - - 86.503 ms
POST /downloadPdf 302 68 - 1920.059 ms
GET /viewInvoice 200 - - 833.917 ms
GET /viewInvoice 200 - - 652.986 ms
POST /downloadPdf 302 68 - 323.966 ms
GET /viewInvoice 200 - - 87.242 ms
GET /viewInvoice 200 - - 668.172 ms
GET /viewInvoice 200 - - 95.626 ms
POST /downloadPdf 302 68 - 375.277 ms
GET /viewInvoice 200 - - 103.978 ms
POST /downloadPdf 302 68 - 2211.917 ms
GET /viewInvoice 200 - - 902.242 ms
GET /viewInvoice 200 - - 813.975 ms
POST /downloadPdf 302 68 - 280.541 ms
GET /viewInvoice 200 - - 87.196 ms
GET /viewInvoice 200 - - 109.861 ms
GET /viewInvoice 200 - - 235.907 ms
GET /viewInvoice 200 - - 73.335 ms
POST /downloadPdf 302 68 - 317.439 ms
GET /viewInvoice 200 - - 80.751 ms
GET /viewInvoice 200 - - 3903.176 ms
POST /downloadPdf 302 68 - 323.440 ms
GET /viewInvoice 200 - - 94.449 ms
GET /viewInvoice 200 - - 1075.825 ms
POST /downloadPdf 302 68 - 350.233 ms
GET /viewInvoice 200 - - 80.906 ms
GET /viewInvoice 200 - - 2314.636 ms
POST /downloadPdf 302 68 - 290.181 ms
GET /viewInvoice 200 - - 93.327 ms
POST /downloadPdf 302 68 - 272.812 ms
GET /viewInvoice 200 - - 77.557 ms
POST /downloadPdf 302 68 - 332.992 ms
GET /viewInvoice 200 - - 85.526 ms
GET /viewInvoice 200 - - 3065.036 ms
POST /downloadPdf 302 68 - 316.871 ms
GET /viewInvoice 200 - - 86.160 ms
GET /viewInvoice 200 - - 3981.498 ms
POST /downloadPdf 302 68 - 347.037 ms
GET /viewInvoice 200 - - 98.965 ms
GET /viewInvoice - - - - ms
POST /downloadPdf 302 68 - 1033.285 ms
GET /viewInvoice 200 - - 87.861 ms
GET /viewInvoice 200 - - 1319.958 ms
POST /downloadPdf 302 68 - 353.038 ms
GET /viewInvoice 200 - - 105.034 ms
POST /downloadPdf 302 68 - 295.444 ms
GET /viewInvoice 200 - - 89.511 ms
GET /viewInvoice 200 - - 755.162 ms
GET / 302 54 - 13.739 ms
GET /home 200 347 - 33.862 ms
GET / 302 54 - 8.404 ms
GET /home 200 347 - 27.179 ms
GET /viewInvoice? 200 - - 70.537 ms
GET /viewInvoice? 200 - - 69.708 ms
GET /viewInvoice? - - - - ms
POST /downloadPdf 302 68 - 893.551 ms
GET /viewInvoice 200 - - 114.236 ms
GET /viewInvoice 200 - - 680.039 ms
POST /downloadPdf 302 68 - 344.734 ms
GET /viewInvoice 200 - - 95.996 ms
GET /viewInvoice 200 - - 682.036 ms
POST /downloadPdf 302 68 - 304.085 ms
GET /viewInvoice 200 - - 100.105 ms
GET /viewInvoice 200 - - 655.257 ms
POST /downloadPdf 302 68 - 361.119 ms
GET /viewInvoice 200 - - 91.700 ms
GET /viewInvoice 200 - - 2916.919 ms
GET /viewInvoice - - - - ms
POST /downloadPdf 302 68 - 2266.816 ms
GET /viewInvoice 200 - - 161.378 ms
GET /viewInvoice 200 - - 2072.688 ms
POST /downloadPdf 302 68 - 316.250 ms
GET /viewInvoice 200 - - 98.791 ms
GET /viewInvoice 200 - - 708.744 ms
POST /downloadPdf 302 68 - 384.495 ms
GET /viewInvoice 200 - - 114.041 ms
POST /downloadPdf 302 68 - 416.628 ms
GET /viewInvoice 200 - - 118.811 ms
GET / 302 54 - 17.924 ms
GET / 302 54 - 7.328 ms
GET /home 200 347 - 638.975 ms
GET /home 200 347 - 42.347 ms
GET /viewInvoice? 200 - - 146.459 ms
GET / 302 54 - 6.465 ms
GET /home 200 347 - 21.112 ms
GET / 302 54 - 7.236 ms
GET /home 200 347 - 25.980 ms
GET /createInvoice? 200 - - 231.566 ms
POST /createInvoice 302 146 - 223.755 ms
GET /createInvoice?message=Q3JlYXRlZCBTdWNjZXNzZnVsbHk= 200 - - 37.688 ms
POST /createInvoice 302 146 - 10.994 ms
GET /createInvoice?message=Q3JlYXRlZCBTdWNjZXNzZnVsbHk= 200 - - 50.301 ms
GET /createInvoice?message=Q3JlYXRlZCBTdWNjZXNzZnVsbHk= 200 - - 46.411 ms
GET /createInvoice? 200 - - 72.696 ms
GET /home 200 347 - 33.835 ms
GET /viewInvoice? 200 - - 220.582 ms
POST /deleteInvoice 302 68 - 30.234 ms
GET /viewInvoice 200 - - 98.615 ms
POST /downloadPdf 302 68 - 341.565 ms
GET /viewInvoice 200 - - 70.557 ms
POST /downloadPdf 302 68 - 417.025 ms
GET /viewInvoice 200 - - 83.695 ms
GET /viewInvoice 200 - - 1046.762 ms
GET / 302 54 - 9.892 ms
GET /home 200 347 - 52.918 ms
GET / 302 54 - 8.465 ms
GET /home 200 347 - 24.054 ms
GET /viewInvoice? 200 - - 91.568 ms
GET /viewInvoice? 200 - - 68.521 ms
GET /viewInvoice? 200 - - 85.681 ms
GET /viewInvoice? 200 - - 91.250 ms
GET /viewInvoice? 200 - - 72.723 ms
GET /viewInvoice? 200 - - 68.661 ms
GET /viewInvoice? 200 - - 78.905 ms
GET /viewInvoice? 200 - - 688.034 ms
GET / 302 54 - 15.377 ms
GET /home 200 347 - 35.635 ms
GET / 302 54 - 8.936 ms
GET /home 200 347 - 40.077 ms
GET /viewInvoice? 200 - - 99.670 ms
GET /viewInvoice? 200 - - 744.060 ms
GET /viewInvoice? 200 - - 91.153 ms
GET /viewInvoice? 200 - - 5577.647 ms
GET /viewInvoice? 200 - - 5389.504 ms
GET / 302 54 - 8.887 ms
GET /home 200 347 - 31.897 ms
GET / 302 54 - 7.902 ms
GET /home 200 347 - 24.861 ms
GET /viewInvoice? 200 - - 82.258 ms
GET /viewInvoice? 200 - - 5604.594 ms
GET / 302 54 - 10.955 ms
GET /home 200 347 - 31.476 ms
GET / 302 54 - 5.437 ms
GET /home 200 347 - 20.556 ms
GET /viewInvoice? 200 - - 5072.302 ms
GET /viewInvoice? 200 - - 5784.612 ms
GET /viewInvoice? 200 - - 5777.281 ms
GET /viewInvoice? 200 - - 5188.052 ms
GET / 302 54 - 17.524 ms
GET /home 200 347 - 684.193 ms
GET / 302 54 - 6.401 ms
GET /home 200 347 - 26.477 ms
GET /viewInvoice? 200 - - 98.187 ms
GET /viewInvoice? 200 - - 681.212 ms
GET /viewInvoice? 200 - - 5791.429 ms
GET /viewInvoice? 200 - - 97.072 ms
GET / 302 54 - 16.795 ms
GET /home 200 347 - 664.050 ms
GET / 302 54 - 10.031 ms
GET /home 200 347 - 25.426 ms
GET /viewInvoice? 200 - - 104.887 ms
GET /viewInvoice? 200 - - 129.827 ms
GET /viewInvoice? 200 - - 699.691 ms
GET /editInvoice? 404 150 - 4.493 ms
GET /editInvoice? 404 150 - 6.147 ms
GET / 302 54 - 9.354 ms
GET /home 200 347 - 32.634 ms
GET / 302 54 - 8.908 ms
GET /home 200 347 - 29.552 ms
GET /viewInvoice? 200 - - 101.905 ms
GET /viewInvoice? 200 - - 6201.903 ms
GET /viewInvoice? 200 - - 89.879 ms
GET /viewInvoice? 200 - - 767.249 ms
GET /viewInvoice? 200 - - 3933.162 ms
GET /viewInvoice? 200 - - 96.835 ms
GET /viewInvoice? 200 - - 1342.675 ms
GET /viewInvoice? 200 - - 112.557 ms
GET /viewInvoice? 200 - - 846.246 ms
GET /viewInvoice? 200 - - 4112.143 ms
GET /viewInvoice? - - - - ms
GET / 302 54 - 228.455 ms
GET / 302 54 - 29.874 ms
GET /home 200 347 - 37.584 ms
GET /home 200 347 - 3735.137 ms
GET /viewInvoice? 200 - - 195.044 ms
GET /viewInvoice? 200 - - 103.997 ms
GET /viewInvoice? 200 - - 88.413 ms
GET /viewInvoice? 200 - - 739.933 ms
GET /viewInvoice? 200 - - 2874.468 ms
POST /deleteInvoice 302 68 - 31.441 ms
GET /viewInvoice 200 - - 107.259 ms
GET /viewInvoice 200 - - 105.522 ms
GET /viewInvoice 200 - - 4697.372 ms
GET /viewInvoice 200 - - 4700.279 ms
GET /viewInvoice 200 - - 5047.320 ms
GET /viewInvoice 200 - - 108.260 ms
GET /favicon.ico 404 150 - 6.324 ms
GET /viewInvoice 200 - - 69.662 ms
GET /viewInvoice 200 - - 1699.789 ms
GET /viewInvoice 200 - - 2605.080 ms
GET /viewInvoice 200 - - 1913.490 ms
GET /viewInvoice 200 - - 700.314 ms
POST /downloadPdf 302 68 - 312.490 ms
POST /downloadPdf 302 68 - 380.969 ms
GET /viewInvoice 200 - - 147.570 ms
GET /viewInvoice 200 - - 134.819 ms
GET /viewInvoice 200 - - 81.769 ms
GET / 302 54 - 285.365 ms
GET / 302 54 - 7.408 ms
GET /home 200 347 - 762.736 ms
GET /home 200 347 - 41.196 ms
GET /createInvoice? 200 - - 94.204 ms
GET /createInvoice? 200 - - 65.065 ms
GET /createInvoice? 200 - - 75.646 ms
GET /createInvoice? 200 - - 84.354 ms
GET /createInvoice? 200 - - 958.418 ms
GET /createInvoice? 200 - - 56.136 ms
GET /createInvoice? 200 - - 667.813 ms
GET /createInvoice? 200 - - 2616.785 ms
GET /createInvoice? 200 - - 1749.306 ms
GET /createInvoice? 200 - - 2337.086 ms
GET /createInvoice? 200 - - 3676.842 ms
GET /createInvoice? 200 - - 58.779 ms
GET /createInvoice? 200 - - 55.119 ms
GET /createInvoice? 200 - - 1225.837 ms
GET // 404 140 - 8.798 ms
GET / 302 54 - 16.953 ms
GET /home 200 347 - 51.961 ms
GET / 302 54 - 7.284 ms
GET /home 200 347 - 22.883 ms
GET /createInvoice? 200 - - 61.321 ms
GET /createInvoice? 200 - - 2510.357 ms
GET /createInvoice? 200 - - 3297.601 ms
GET /createInvoice? 200 - - 2079.717 ms
GET / 302 54 - 10.679 ms
GET /home 200 347 - 50.161 ms
GET / 302 54 - 9.517 ms
GET /home 200 347 - 21.347 ms
GET /createInvoice? 200 - - 58.265 ms
GET /createInvoice? 200 - - 1025.802 ms
GET /createInvoice? 200 - - 1132.911 ms
GET /createInvoice? 200 - - 40.834 ms
GET /createInvoice? 200 - - 33.105 ms
GET /createInvoice? 200 - - 33.045 ms
GET /createInvoice? 200 929 - 46.901 ms
GET / 302 54 - 1423.180 ms
GET /createInvoice? 200 - - 2924.461 ms
GET / 302 54 - 11.792 ms
GET /home 200 347 - 36.117 ms
GET /home 200 347 - 38.933 ms
GET /createInvoice? 200 - - 37.054 ms
GET / 302 54 - 2067.093 ms
GET / 302 54 - 9.078 ms
GET /home 200 347 - 951.105 ms
GET /home 200 347 - 43.885 ms
GET /createInvoice? 200 - - 51.913 ms
GET /createInvoice? 200 - - 50.440 ms
GET /createInvoice? 200 - - 55.306 ms
GET /createInvoice? 200 - - 61.223 ms
GET / 302 54 - 6.241 ms
GET /home 200 347 - 28.996 ms
GET / 302 54 - 6.098 ms
GET /home 200 347 - 18.835 ms
GET /createInvoice? 200 - - 40.558 ms
GET /createInvoice? 200 - - 51.439 ms
GET /createInvoice? 200 - - 27.246 ms
GET /createInvoice? 200 - - 1905.697 ms
POST /createInvoice - - - - ms
POST /createInvoice - - - - ms
GET / 302 54 - 12.852 ms
POST /createInvoice - - - - ms
GET /home 200 347 - 676.841 ms
GET / 302 54 - 7.525 ms
GET /home 200 347 - 19.297 ms
GET /createInvoice? 200 - - 46.111 ms
POST /createInvoice - - - - ms
GET /createInvoice? 200 - - 48.200 ms
POST /createInvoice - - - - ms
POST /createInvoice - - - - ms
GET / 302 54 - 1140.283 ms
GET / 302 54 - 11.845 ms
GET /home 200 347 - 706.521 ms
GET /home 200 347 - 38.711 ms
GET /createInvoice? 200 - - 50.107 ms
POST /createInvoice - - - - ms
POST /createInvoice - - - - ms
GET / 302 54 - 1822.238 ms
GET / 302 54 - 12.354 ms
GET /home 200 347 - 593.982 ms
GET /home 200 347 - 42.745 ms
GET /createInvoice? 200 - - 57.073 ms
POST /createInvoice - - - - ms
POST /createInvoice - - - - ms
POST /createInvoice - - - - ms
GET / 302 54 - 1536.260 ms
GET /home 200 347 - 2558.646 ms
GET / 302 54 - 2032.618 ms
GET /home 200 347 - 16.682 ms
GET /createInvoice? 200 - - 48.440 ms
POST /createInvoice - - - - ms
GET / 302 54 - 650.194 ms
GET / 302 54 - 17.787 ms
GET /home 200 347 - 581.558 ms
GET /home 200 347 - 38.510 ms
GET /createInvoice? 200 - - 55.475 ms
POST /createInvoice 302 146 - 23.354 ms
GET /createInvoice?message=Q3JlYXRlZCBTdWNjZXNzZnVsbHk= 200 - - 49.527 ms
POST /createInvoice 302 146 - 11.120 ms
GET /createInvoice?message=Q3JlYXRlZCBTdWNjZXNzZnVsbHk= 200 - - 53.518 ms
GET /createInvoice?message=Q3JlYXRlZCBTdWNjZXNzZnVsbHk= 200 - - 73.330 ms
GET /createInvoice? 200 - - 63.134 ms
GET /home 200 347 - 26.555 ms
GET /viewInvoice? 200 - - 116.543 ms
GET /viewInvoice? 200 - - 687.940 ms
GET /home 200 347 - 22.420 ms
GET /createInvoice? 200 - - 36.083 ms
POST /createInvoice 302 146 - 18.018 ms
GET /createInvoice?message=Q3JlYXRlZCBTdWNjZXNzZnVsbHk= 200 - - 38.581 ms
POST /createInvoice 302 146 - 11.574 ms
GET /createInvoice?message=Q3JlYXRlZCBTdWNjZXNzZnVsbHk= 200 - - 59.844 ms
POST /createInvoice 302 146 - 10.274 ms
GET /createInvoice?message=Q3JlYXRlZCBTdWNjZXNzZnVsbHk= 200 - - 57.855 ms
GET /NjZXNzZnVsbHk= 404 153 - 229.079 ms
GET // 404 140 - 3.286 ms
GET / 302 54 - 13.205 ms
GET /home 200 347 - 627.946 ms
GET / 302 54 - 4.560 ms
GET /home 200 347 - 18.380 ms
GET /createInvoice? 200 - - 55.161 ms
POST /createInvoice 302 146 - 29.768 ms
GET /createInvoice?message=Q3JlYXRlZCBTdWNjZXNzZnVsbHk= 200 - - 55.039 ms
GET /createInvoice? 200 - - 40.683 ms
GET /home 200 347 - 21.721 ms
GET /viewInvoice? 200 - - 118.008 ms
POST /deleteInvoice 302 68 - 20.965 ms
GET /viewInvoice 200 - - 102.725 ms
POST /deleteInvoice 302 68 - 20.791 ms
GET /viewInvoice 200 - - 95.968 ms
POST /deleteInvoice 302 68 - 23.461 ms
GET /viewInvoice 200 - - 75.372 ms
POST /deleteInvoice 302 68 - 12.152 ms
GET /viewInvoice 200 - - 61.255 ms
POST /deleteInvoice 302 68 - 10.654 ms
GET /viewInvoice 200 - - 77.084 ms
POST /deleteInvoice 302 68 - 11.269 ms
GET /viewInvoice 200 - - 62.822 ms
POST /deleteInvoice 302 68 - 9.542 ms
GET /viewInvoice 200 - - 41.737 ms
POST /downloadPdf 302 68 - 289.387 ms
GET /viewInvoice 200 - - 69.907 ms
POST /downloadPdf 302 68 - 296.126 ms
GET /viewInvoice 200 - - 956.955 ms
GET / 302 54 - 19.310 ms
GET /home 200 347 - 607.270 ms
GET / 302 54 - 7.342 ms
GET /home 200 347 - 19.279 ms
GET /createInvoice? 200 - - 41.165 ms
POST /createInvoice 302 146 - 22.679 ms
GET /createInvoice?message=Q3JlYXRlZCBTdWNjZXNzZnVsbHk= 200 - - 49.076 ms
POST /createInvoice 302 146 - 9.514 ms
GET /createInvoice?message=Q3JlYXRlZCBTdWNjZXNzZnVsbHk= 200 - - 50.628 ms
GET /createInvoice?message=Q3JlYXRlZCBTdWNjZXNzZnVsbHk= 200 - - 45.740 ms
GET /createInvoice? 200 - - 58.842 ms
GET /home 200 347 - 29.109 ms
GET /viewInvoice? 200 - - 80.121 ms
POST /downloadPdf 302 68 - 294.254 ms
GET /viewInvoice 200 - - 81.522 ms
